{"name": "test_2", "status": "failed", "statusDetails": {"message": "AssertionError: assert 1 == 2", "trace": "def test_2():\n        print('tsst_02')\n>       assert 1==2\nE       assert 1 == 2\n\n../test_case/test_case_01.py:6: AssertionError"}, "attachments": [{"name": "stdout", "source": "927ccb84-5db5-410b-aeca-09bffae7238d-attachment.txt", "type": "text/plain"}], "start": 1596273311515, "stop": 1596273311516, "uuid": "3e105797-4048-4b8f-a37b-70c9cd88c834", "historyId": "b6214ae89660c97e3a598e01dae1ba06", "testCaseId": "cc6896423e23cb37cfe55037c3b2ef64", "fullName": "test_case.test_case_01#test_2", "labels": [{"name": "parentSuite", "value": "test_case"}, {"name": "suite", "value": "test_case_01"}, {"name": "host", "value": "MacBook-Pro.local"}, {"name": "thread", "value": "7260-MainThread"}, {"name": "framework", "value": "pytest"}, {"name": "language", "value": "cpython3"}, {"name": "package", "value": "test_case.test_case_01"}]}