{
  "uid" : "ac492bb0882eb766",
  "name" : "test_2",
  "fullName" : "test_case.test_case_01#test_2",
  "historyId" : "b6214ae89660c97e3a598e01dae1ba06",
  "time" : {
    "start" : 1596273311515,
    "stop" : 1596273311516,
    "duration" : 1
  },
  "status" : "failed",
  "statusMessage" : "AssertionError: assert 1 == 2",
  "statusTrace" : "def test_2():\n        print('tsst_02')\n>       assert 1==2\nE       assert 1 == 2\n\n../test_case/test_case_01.py:6: AssertionError",
  "flaky" : false,
  "beforeStages" : [ ],
  "testStage" : {
    "status" : "failed",
    "statusMessage" : "AssertionError: assert 1 == 2",
    "statusTrace" : "def test_2():\n        print('tsst_02')\n>       assert 1==2\nE       assert 1 == 2\n\n../test_case/test_case_01.py:6: AssertionError",
    "steps" : [ ],
    "attachments" : [ {
      "uid" : "a13cb824ed85ff33",
      "name" : "stdout",
      "source" : "a13cb824ed85ff33.txt",
      "type" : "text/plain",
      "size" : 8
    } ],
    "parameters" : [ ],
    "stepsCount" : 0,
    "attachmentsCount" : 1,
    "shouldDisplayMessage" : true,
    "hasContent" : true
  },
  "afterStages" : [ ],
  "labels" : [ {
    "name" : "parentSuite",
    "value" : "test_case"
  }, {
    "name" : "suite",
    "value" : "test_case_01"
  }, {
    "name" : "host",
    "value" : "MacBook-Pro.local"
  }, {
    "name" : "thread",
    "value" : "7260-MainThread"
  }, {
    "name" : "framework",
    "value" : "pytest"
  }, {
    "name" : "language",
    "value" : "cpython3"
  }, {
    "name" : "package",
    "value" : "test_case.test_case_01"
  }, {
    "name" : "resultFormat",
    "value" : "allure2"
  } ],
  "parameters" : [ ],
  "links" : [ ],
  "hidden" : false,
  "retry" : false,
  "extra" : {
    "severity" : "normal",
    "retries" : [ ],
    "categories" : [ {
      "name" : "Product defects",
      "matchedStatuses" : [ ],
      "flaky" : false
    } ],
    "tags" : [ ]
  },
  "source" : "ac492bb0882eb766.json",
  "parameterValues" : [ ]
}